<?xml version="1.0" encoding="UTF-8"?>
<testsuites name="TestSuite1" time="9" tests="1" failures="0" errors="0">
   <testsuite name="TestSuite1" tests="1" failures="0" errors="0" time="9" timestamp="2019-12-05 17:56:45" hostname="Chandan Ghosh - DESKTOP-APKP2PU" id="Test Suites/TestSuite1">
      <properties>
         <property name="deviceName" value=""/>
         <property name="devicePlatform" value=""/>
         <property name="logFolder" value="C:\\Users\\Chandan Ghosh\\Katalon Studio\\Testing\\Reports\\TestSuite1\\20191205_175637"/>
         <property name="logFiles" value="C:\\Users\\Chandan Ghosh\\Katalon Studio\\Testing\\Reports\\TestSuite1\\20191205_175637\\execution0.log"/>
         <property name="attachments" value=""/>
         <property name="hostName" value="Chandan Ghosh - DESKTOP-APKP2PU"/>
         <property name="os" value="Windows 10 64bit"/>
         <property name="katalonVersion" value="5.10.1.1"/>
         <property name="browser" value="Chrome 78.0.3904.108"/>
         <property name="hostAddress" value="10.0.75.1"/>
         <property name="sessionId" value="f2ac4bc50a9a6179d1a0ab82789569b8"/>
         <property name="seleniumVersion" value="3.7.1"/>
         <property name="proxyInformation" value="ProxyInformation{proxyOption=NO_PROXY, proxyServerType=HTTP, password=, proxyServerAddress=, proxyServerPort=0}"/>
         <property name="platform" value="Windows 10"/>
      </properties>
      <testcase name="Test Cases/Test1" classname="Test Cases/Test1" status="PASSED">
         <system-out><![CDATA[2019-12-05 17:56:45 - [TEST_CASE][PASSED] - Test Cases/Test1: Test Cases/Test1

2019-12-05 17:56:46 - [TEST_STEP][PASSED] - openBrowser("https://investor-web.hdfcfund.com/"): Browser is opened with url: 'https://investor-web.hdfcfund.com/'

2019-12-05 17:56:46 - [MESSAGE][INFO] - Starting 'Chrome' driver

2019-12-05 17:56:46 - [MESSAGE][INFO] - Action delay is set to 0 seconds

2019-12-05 17:56:53 - [MESSAGE][PASSED] - Browser is opened with url: 'https://investor-web.hdfcfund.com/']]></system-out>
         <system-err><![CDATA[]]></system-err>
      </testcase>
      <system-out><![CDATA[2019-12-05 17:56:45 - [TEST_SUITE][PASSED] - TestSuite1: Test Cases/Test1]]></system-out>
      <system-err><![CDATA[]]></system-err>
   </testsuite>
</testsuites>
